undefined<?xml version="1.0" encoding="UTF-8" ?>
<testsuites>
<testsuite name="JUnitXmlReporter" errors="0" tests="0" failures="0" time="0" timestamp="2013-02-25T14:59:48">
</testsuite>
<testsuite name="JUnitXmlReporter.constructor" errors="0" tests="3" failures="0" time="0.001" timestamp="2013-02-25T14:59:48">
  <testcase classname="JUnitXmlReporter.constructor" name="should default path to an empty string" time="0.001"></testcase>
  <testcase classname="JUnitXmlReporter.constructor" name="should default consolidate to true" time="0"></testcase>
  <testcase classname="JUnitXmlReporter.constructor" name="should default useDotNotation to true" time="0"></testcase>
</testsuite>
<testsuite name="JUnitXmlReporter.reportSpecStarting" errors="0" tests="3" failures="0" time="0" timestamp="2013-02-25T14:59:48">
  <testcase classname="JUnitXmlReporter.reportSpecStarting" name="should add start time" time="0"></testcase>
  <testcase classname="JUnitXmlReporter.reportSpecStarting" name="shound add start time to the suite" time="0"></testcase>
  <testcase classname="JUnitXmlReporter.reportSpecStarting" name="should not add start time to the suite if it already exists" time="0"></testcase>
</testsuite>
<testsuite name="JUnitXmlReporter.reportSpecResults" errors="0" tests="4" failures="0" time="0.002" timestamp="2013-02-25T14:59:48">
  <testcase classname="JUnitXmlReporter.reportSpecResults" name="should compute duration" time="0.001"></testcase>
  <testcase classname="JUnitXmlReporter.reportSpecResults" name="should generate &lt;testcase&gt; output" time="0"></testcase>
  <testcase classname="JUnitXmlReporter.reportSpecResults" name="should escape bad xml characters in spec description" time="0"></testcase>
  <testcase classname="JUnitXmlReporter.reportSpecResults" name="should generate valid xml &lt;failure&gt; output if test failed" time="0.001"></testcase>
</testsuite>
<testsuite name="JUnitXmlReporter.reportSuiteResults" errors="0" tests="4" failures="0" time="0" timestamp="2013-02-25T14:59:48">
  <testcase classname="JUnitXmlReporter.reportSuiteResults" name="should compute duration" time="0"></testcase>
  <testcase classname="JUnitXmlReporter.reportSuiteResults" name="should generate startTime if no specs were executed" time="0"></testcase>
  <testcase classname="JUnitXmlReporter.reportSuiteResults" name="should generate &lt;testsuite&gt; output" time="0"></testcase>
  <testcase classname="JUnitXmlReporter.reportSuiteResults" name="should contain &lt;testcase&gt; output from specs" time="0"></testcase>
</testsuite>
<testsuite name="JUnitXmlReporter.reportRunnerResults" errors="0" tests="0" failures="0" time="0" timestamp="2013-02-25T14:59:48">
</testsuite>
<testsuite name="JUnitXmlReporter.reportRunnerResults.general functionality" errors="0" tests="2" failures="0" time="0.001" timestamp="2013-02-25T14:59:48">
  <testcase classname="JUnitXmlReporter.reportRunnerResults.general functionality" name="should remove invalid filename chars from the filename" time="0.001"></testcase>
  <testcase classname="JUnitXmlReporter.reportRunnerResults.general functionality" name="should remove invalid xml chars from the classname" time="0"></testcase>
</testsuite>
<testsuite name="JUnitXmlReporter.reportRunnerResults.consolidated is true" errors="0" tests="4" failures="0" time="0.003" timestamp="2013-02-25T14:59:48">
  <testcase classname="JUnitXmlReporter.reportRunnerResults.consolidated is true" name="should write one file per parent suite" time="0.002"></testcase>
  <testcase classname="JUnitXmlReporter.reportRunnerResults.consolidated is true" name="should consolidate suite output" time="0.001"></testcase>
  <testcase classname="JUnitXmlReporter.reportRunnerResults.consolidated is true" name="should wrap output in &lt;testsuites&gt;" time="0"></testcase>
  <testcase classname="JUnitXmlReporter.reportRunnerResults.consolidated is true" name="should include xml header in every file" time="0"></testcase>
</testsuite>
<testsuite name="JUnitXmlReporter.reportRunnerResults.consolidated is false" errors="0" tests="3" failures="0" time="0.001" timestamp="2013-02-25T14:59:48">
  <testcase classname="JUnitXmlReporter.reportRunnerResults.consolidated is false" name="should write one file per suite" time="0"></testcase>
  <testcase classname="JUnitXmlReporter.reportRunnerResults.consolidated is false" name="should not wrap results in &lt;testsuites&gt;" time="0.001"></testcase>
  <testcase classname="JUnitXmlReporter.reportRunnerResults.consolidated is false" name="should include xml header in every file" time="0"></testcase>
</testsuite>
<testsuite name="JUnitXmlReporter.reportRunnerResults.dot notation is true" errors="0" tests="1" failures="0" time="0" timestamp="2013-02-25T14:59:48">
  <testcase classname="JUnitXmlReporter.reportRunnerResults.dot notation is true" name="should separate descriptions with dot notation" time="0"></testcase>
</testsuite>
<testsuite name="JUnitXmlReporter.reportRunnerResults.dot notation is false" errors="0" tests="1" failures="0" time="0" timestamp="2013-02-25T14:59:48">
  <testcase classname="JUnitXmlReporter.reportRunnerResults.dot notation is false" name="should separate descriptions with whitespace" time="0"></testcase>
</testsuite>
</testsuites><?xml version="1.0" encoding="UTF-8" ?>
<testsuites>
<testsuite name="Player" errors="0" tests="4" failures="0" time="0.091" timestamp="2013-02-25T14:59:47">
  <testcase classname="Player" name="should load player from Mok" time="0.03"></testcase>
  <testcase classname="Player" name="should update player" time="0.021"></testcase>
  <testcase classname="Player" name="should delete player" time="0.021"></testcase>
  <testcase classname="Player" name="should add player" time="0.019"></testcase>
</testsuite>
</testsuites>